{
  "stats": {
    "suites": 1,
    "tests": 2,
    "passes": 1,
    "pending": 0,
    "failures": 1,
    "start": "2025-09-17T16:46:35.699Z",
    "end": "2025-09-17T16:46:59.502Z",
    "duration": 23803,
    "testsRegistered": 2,
    "passPercent": 50,
    "pendingPercent": 0,
    "other": 0,
    "hasOther": false,
    "skipped": 0,
    "hasSkipped": false
  },
  "results": [
    {
      "uuid": "f23b8f05-5041-415f-8af4-1c36b6832af8",
      "title": "",
      "fullFile": "cypress\\e2e\\orangehrm-login.cy.js",
      "file": "cypress\\e2e\\orangehrm-login.cy.js",
      "beforeHooks": [],
      "afterHooks": [],
      "tests": [],
      "suites": [
        {
          "uuid": "924d7cec-8734-47b6-85dc-c265cd329707",
          "title": "OrangeHRM Login Tests",
          "fullFile": "",
          "file": "",
          "beforeHooks": [],
          "afterHooks": [],
          "tests": [
            {
              "title": "successful login with valid credentials",
              "fullTitle": "OrangeHRM Login Tests successful login with valid credentials",
              "timedOut": null,
              "duration": 15177,
              "state": "failed",
              "speed": null,
              "pass": false,
              "fail": true,
              "pending": false,
              "context": null,
              "code": "cy.visit('https://opensource-demo.orangehrmlive.com/web/index.php/auth/login');\ncy.get('input[name=\"username\"]').type('Admin');\ncy.get('input[name=\"password\"]').type('admin123');\ncy.get('button[type=\"submit\"]').click();\ncy.url().should('include', '/dashboard');\ncy.get('.oxd-topbar-header-title').should('contain', 'Dashboards');",
              "err": {
                "message": "AssertionError: Timed out retrying after 4000ms: expected '<div.oxd-topbar-header-title>' to contain 'Dashboards'",
                "estack": "AssertionError: Timed out retrying after 4000ms: expected '<div.oxd-topbar-header-title>' to contain 'Dashboards'\n    at Context.eval (webpack://automation_cypress/./cypress/e2e/orangehrm-login.cy.js:14:39)",
                "diff": null
              },
              "uuid": "e9e07572-6f18-4ba6-9b5a-8e2debb20379",
              "parentUUID": "924d7cec-8734-47b6-85dc-c265cd329707",
              "isHook": false,
              "skipped": false
            },
            {
              "title": "failed login with invalid credentials",
              "fullTitle": "OrangeHRM Login Tests failed login with invalid credentials",
              "timedOut": null,
              "duration": 4475,
              "state": "passed",
              "speed": "fast",
              "pass": true,
              "fail": false,
              "pending": false,
              "context": null,
              "code": "cy.visit('https://opensource-demo.orangehrmlive.com/web/index.php/auth/login');\ncy.get('input[name=\"username\"]').type('InvalidUser');\ncy.get('input[name=\"password\"]').type('InvalidPass');\ncy.get('button[type=\"submit\"]').click();\ncy.get('.oxd-alert-content').should('be.visible');",
              "err": {},
              "uuid": "e296316c-aa08-4eeb-93fc-c151879056ad",
              "parentUUID": "924d7cec-8734-47b6-85dc-c265cd329707",
              "isHook": false,
              "skipped": false
            }
          ],
          "suites": [],
          "passes": [
            "e296316c-aa08-4eeb-93fc-c151879056ad"
          ],
          "failures": [
            "e9e07572-6f18-4ba6-9b5a-8e2debb20379"
          ],
          "pending": [],
          "skipped": [],
          "duration": 19652,
          "root": false,
          "rootEmpty": false,
          "_timeout": 2000
        }
      ],
      "passes": [],
      "failures": [],
      "pending": [],
      "skipped": [],
      "duration": 0,
      "root": true,
      "rootEmpty": true,
      "_timeout": 2000
    }
  ],
  "meta": {
    "mocha": {
      "version": "7.2.0"
    },
    "mochawesome": {
      "options": {
        "quiet": false,
        "reportFilename": "mochawesome",
        "saveHtml": true,
        "saveJson": true,
        "consoleReporter": "spec",
        "useInlineDiffs": false,
        "code": true
      },
      "version": "7.1.4"
    },
    "marge": {
      "options": {
        "reportDir": "cypress/reports",
        "overwrite": false,
        "html": true,
        "json": true,
        "charts": true,
        "reportPageTitle": "OrangeHRM Test Report",
        "embeddedScreenshots": true,
        "inlineAssets": true
      },
      "version": "6.3.0"
    }
  }
}