{
  "stats": {
    "suites": 1,
    "tests": 2,
    "passes": 1,
    "pending": 0,
    "failures": 1,
    "start": "2025-09-17T16:37:17.554Z",
    "end": "2025-09-17T16:37:36.242Z",
    "duration": 18688,
    "testsRegistered": 2,
    "passPercent": 50,
    "pendingPercent": 0,
    "other": 0,
    "hasOther": false,
    "skipped": 0,
    "hasSkipped": false
  },
  "results": [
    {
      "uuid": "ebc085d3-5439-4ab1-b092-8ce7d4f2e47c",
      "title": "",
      "fullFile": "cypress\\e2e\\orangehrm-login.cy.js",
      "file": "cypress\\e2e\\orangehrm-login.cy.js",
      "beforeHooks": [],
      "afterHooks": [],
      "tests": [],
      "suites": [
        {
          "uuid": "adaf1722-b889-4e53-8fe9-9720f44d62a8",
          "title": "OrangeHRM Login Tests",
          "fullFile": "",
          "file": "",
          "beforeHooks": [],
          "afterHooks": [],
          "tests": [
            {
              "title": "successful login with valid credentials",
              "fullTitle": "OrangeHRM Login Tests successful login with valid credentials",
              "timedOut": null,
              "duration": 12368,
              "state": "failed",
              "speed": null,
              "pass": false,
              "fail": true,
              "pending": false,
              "context": null,
              "code": "cy.visit('https://opensource-demo.orangehrmlive.com/web/index.php/auth/login');\ncy.get('input[name=\"username\"]').type('Admin');\ncy.get('input[name=\"password\"]').type('admin123');\ncy.get('button[type=\"submit\"]').click();\ncy.url().should('include', '/dashboard');\ncy.get('.oxd-topbar-header-title').should('contain', 'Dashboards');",
              "err": {
                "message": "AssertionError: Timed out retrying after 4000ms: expected '<div.oxd-topbar-header-title>' to contain 'Dashboards'",
                "estack": "AssertionError: Timed out retrying after 4000ms: expected '<div.oxd-topbar-header-title>' to contain 'Dashboards'\n    at Context.eval (webpack://automation_cypress/./cypress/e2e/orangehrm-login.cy.js:8:39)",
                "diff": null
              },
              "uuid": "a003d0cb-ff35-4125-b3d8-c960e6dc0383",
              "parentUUID": "adaf1722-b889-4e53-8fe9-9720f44d62a8",
              "isHook": false,
              "skipped": false
            },
            {
              "title": "failed login with invalid credentials",
              "fullTitle": "OrangeHRM Login Tests failed login with invalid credentials",
              "timedOut": null,
              "duration": 3267,
              "state": "passed",
              "speed": "fast",
              "pass": true,
              "fail": false,
              "pending": false,
              "context": null,
              "code": "cy.visit('https://opensource-demo.orangehrmlive.com/web/index.php/auth/login');\ncy.get('input[name=\"username\"]').type('InvalidUser');\ncy.get('input[name=\"password\"]').type('InvalidPass');\ncy.get('button[type=\"submit\"]').click();\ncy.get('.oxd-alert-content').should('be.visible');",
              "err": {},
              "uuid": "1ed909fd-1cdd-4177-af0f-0d248c38681a",
              "parentUUID": "adaf1722-b889-4e53-8fe9-9720f44d62a8",
              "isHook": false,
              "skipped": false
            }
          ],
          "suites": [],
          "passes": [
            "1ed909fd-1cdd-4177-af0f-0d248c38681a"
          ],
          "failures": [
            "a003d0cb-ff35-4125-b3d8-c960e6dc0383"
          ],
          "pending": [],
          "skipped": [],
          "duration": 15635,
          "root": false,
          "rootEmpty": false,
          "_timeout": 2000
        }
      ],
      "passes": [],
      "failures": [],
      "pending": [],
      "skipped": [],
      "duration": 0,
      "root": true,
      "rootEmpty": true,
      "_timeout": 2000
    }
  ],
  "meta": {
    "mocha": {
      "version": "7.2.0"
    },
    "mochawesome": {
      "options": {
        "quiet": false,
        "reportFilename": "mochawesome",
        "saveHtml": true,
        "saveJson": true,
        "consoleReporter": "spec",
        "useInlineDiffs": false,
        "code": true
      },
      "version": "7.1.4"
    },
    "marge": {
      "options": {
        "reportDir": "cypress/reports",
        "overwrite": false,
        "html": true,
        "json": true,
        "charts": true,
        "reportPageTitle": "OrangeHRM Test Report",
        "embeddedScreenshots": true,
        "inlineAssets": true
      },
      "version": "6.3.0"
    }
  }
}